<?xml version="1.0" encoding="UTF-8"?>
<testng-results skipped="0" failed="0" total="1" passed="1">
  <reporter-output>
  </reporter-output>
  <suite name="Suite1" duration-ms="53432" started-at="2016-04-12T13:58:45Z" finished-at="2016-04-12T13:59:38Z">
    <groups>
    </groups>
    <test name="Login" duration-ms="53432" started-at="2016-04-12T13:58:45Z" finished-at="2016-04-12T13:59:38Z">
      <class name="com.wordpress.tests.WordPressLoginTest">
        <test-method status="PASS" signature="setUp()[pri:0, instance:com.wordpress.tests.WordPressLoginTest@13fee20c]" name="setUp" is-config="true" duration-ms="19337" started-at="2016-04-12T14:58:45Z" finished-at="2016-04-12T14:59:04Z">
          <reporter-output>
          </reporter-output>
        </test-method> <!-- setUp -->
        <test-method status="PASS" signature="testWithInvalidCharacters()[pri:0, instance:com.wordpress.tests.WordPressLoginTest@13fee20c]" name="testWithInvalidCharacters" duration-ms="34000" started-at="2016-04-12T14:59:04Z" finished-at="2016-04-12T14:59:38Z">
          <reporter-output>
          </reporter-output>
        </test-method> <!-- testWithInvalidCharacters -->
        <test-method status="PASS" signature="tearDown()[pri:0, instance:com.wordpress.tests.WordPressLoginTest@13fee20c]" name="tearDown" is-config="true" duration-ms="38" started-at="2016-04-12T14:59:38Z" finished-at="2016-04-12T14:59:38Z">
          <reporter-output>
          </reporter-output>
        </test-method> <!-- tearDown -->
      </class> <!-- com.wordpress.tests.WordPressLoginTest -->
    </test> <!-- Login -->
  </suite> <!-- Suite1 -->
</testng-results>
